cd~
pwd
mkdir -p D1/D2/D3
ls
touch D1/D2/file.txt
echo "meow" > D1/D2/file.txt
cat D1/D2/file.txt
cd D1/D2/D3
ln -s ../file.txt symlink_file.txt
ln ../file.txt hardlink_file.txt
cd ../../..
ls -la D1/D2/D3
ls -i D1/D2/file.txt D1/D2/D3/hardlink_file.txt
mv D1/D2/file.txt D1/
cd D1
ls
cd ..
ls -la D1/D2/D3
ls -i D1/file.txt D1/D2/D3/hardlink_file.txt
rm -rf D1/D2
cd D1
ls
find / -type f -size +20M 2>/dev/null > eltex-pg2-v16_part3_gt20M.log
nano check_files_part3.sh
chmod +x check_files_part3.sh
./check_files_part3.sh
find ~ -type f -mtime -1
which find
file /usr/bin/find
file initrd.img-6.1.0-31-amd64
file initrd.img-6.1.0-32-amd64
file initrd.img-6.1.0-40-amd64
